{"total": {"lines":{"total":418,"covered":397,"skipped":0,"pct":94.97},"statements":{"total":423,"covered":400,"skipped":0,"pct":94.56},"functions":{"total":91,"covered":82,"skipped":0,"pct":90.1},"branches":{"total":144,"covered":125,"skipped":0,"pct":86.8},"branchesTrue":{"total":0,"covered":0,"skipped":0,"pct":100}}
,"/Users/andra/Documents/GitHub/EtuBibliotheque_2_032026/Front-end/src/main.ts": {"lines":{"total":1,"covered":1,"skipped":0,"pct":100},"functions":{"total":0,"covered":0,"skipped":0,"pct":100},"statements":{"total":1,"covered":1,"skipped":0,"pct":100},"branches":{"total":2,"covered":1,"skipped":0,"pct":50}}
,"/Users/andra/Documents/GitHub/EtuBibliotheque_2_032026/Front-end/src/app/app.component.ts": {"lines":{"total":8,"covered":8,"skipped":0,"pct":100},"functions":{"total":4,"covered":4,"skipped":0,"pct":100},"statements":{"total":8,"covered":8,"skipped":0,"pct":100},"branches":{"total":4,"covered":4,"skipped":0,"pct":100}}
,"/Users/andra/Documents/GitHub/EtuBibliotheque_2_032026/Front-end/src/app/app.config.ts": {"lines":{"total":1,"covered":1,"skipped":0,"pct":100},"functions":{"total":0,"covered":0,"skipped":0,"pct":100},"statements":{"total":1,"covered":1,"skipped":0,"pct":100},"branches":{"total":0,"covered":0,"skipped":0,"pct":100}}
,"/Users/andra/Documents/GitHub/EtuBibliotheque_2_032026/Front-end/src/app/app.routes.ts": {"lines":{"total":1,"covered":1,"skipped":0,"pct":100},"functions":{"total":0,"covered":0,"skipped":0,"pct":100},"statements":{"total":1,"covered":1,"skipped":0,"pct":100},"branches":{"total":0,"covered":0,"skipped":0,"pct":100}}
,"/Users/andra/Documents/GitHub/EtuBibliotheque_2_032026/Front-end/src/app/core/guards/auth.guard.ts": {"lines":{"total":7,"covered":5,"skipped":0,"pct":71.42},"functions":{"total":1,"covered":1,"skipped":0,"pct":100},"statements":{"total":7,"covered":5,"skipped":0,"pct":71.42},"branches":{"total":2,"covered":1,"skipped":0,"pct":50}}
,"/Users/andra/Documents/GitHub/EtuBibliotheque_2_032026/Front-end/src/app/core/interceptors/auth.interceptor.ts": {"lines":{"total":11,"covered":11,"skipped":0,"pct":100},"functions":{"total":4,"covered":4,"skipped":0,"pct":100},"statements":{"total":11,"covered":11,"skipped":0,"pct":100},"branches":{"total":4,"covered":4,"skipped":0,"pct":100}}
,"/Users/andra/Documents/GitHub/EtuBibliotheque_2_032026/Front-end/src/app/core/service/user.service.ts": {"lines":{"total":7,"covered":7,"skipped":0,"pct":100},"functions":{"total":4,"covered":4,"skipped":0,"pct":100},"statements":{"total":7,"covered":7,"skipped":0,"pct":100},"branches":{"total":2,"covered":2,"skipped":0,"pct":100}}
,"/Users/andra/Documents/GitHub/EtuBibliotheque_2_032026/Front-end/src/app/pages/etudiant/etudiant.component.ts": {"lines":{"total":132,"covered":131,"skipped":0,"pct":99.24},"functions":{"total":23,"covered":22,"skipped":0,"pct":95.65},"statements":{"total":133,"covered":132,"skipped":0,"pct":99.24},"branches":{"total":24,"covered":24,"skipped":0,"pct":100}}
,"/Users/andra/Documents/GitHub/EtuBibliotheque_2_032026/Front-end/src/app/pages/login/login.component.ts": {"lines":{"total":84,"covered":72,"skipped":0,"pct":85.71},"functions":{"total":15,"covered":12,"skipped":0,"pct":80},"statements":{"total":85,"covered":72,"skipped":0,"pct":84.7},"branches":{"total":24,"covered":17,"skipped":0,"pct":70.83}}
,"/Users/andra/Documents/GitHub/EtuBibliotheque_2_032026/Front-end/src/app/pages/register/register.component.ts": {"lines":{"total":133,"covered":130,"skipped":0,"pct":97.74},"functions":{"total":20,"covered":18,"skipped":0,"pct":90},"statements":{"total":134,"covered":131,"skipped":0,"pct":97.76},"branches":{"total":72,"covered":64,"skipped":0,"pct":88.88}}
,"/Users/andra/Documents/GitHub/EtuBibliotheque_2_032026/Front-end/src/app/services/auth.service.ts": {"lines":{"total":14,"covered":12,"skipped":0,"pct":85.71},"functions":{"total":10,"covered":8,"skipped":0,"pct":80},"statements":{"total":16,"covered":13,"skipped":0,"pct":81.25},"branches":{"total":6,"covered":4,"skipped":0,"pct":66.66}}
,"/Users/andra/Documents/GitHub/EtuBibliotheque_2_032026/Front-end/src/app/services/etudiant.service.ts": {"lines":{"total":12,"covered":11,"skipped":0,"pct":91.66},"functions":{"total":8,"covered":7,"skipped":0,"pct":87.5},"statements":{"total":12,"covered":11,"skipped":0,"pct":91.66},"branches":{"total":2,"covered":2,"skipped":0,"pct":100}}
,"/Users/andra/Documents/GitHub/EtuBibliotheque_2_032026/Front-end/src/app/shared/material.module.ts": {"lines":{"total":7,"covered":7,"skipped":0,"pct":100},"functions":{"total":2,"covered":2,"skipped":0,"pct":100},"statements":{"total":7,"covered":7,"skipped":0,"pct":100},"branches":{"total":2,"covered":2,"skipped":0,"pct":100}}
}
