TN:
SF:src/main.ts
FNF:0
FNH:0
DA:7,13
LF:1
LH:1
BRDA:9,0,0,13
BRDA:9,0,1,0
BRF:2
BRH:1
end_of_record
TN:
SF:src/app/app.component.ts
FN:3,(anonymous_0)
FN:5,(anonymous_1)
FN:9,AppComponent_Factory
FN:19,AppComponent_Template
FNF:4
FNH:4
FNDA:13,(anonymous_0)
FNDA:13,(anonymous_1)
FNDA:13,AppComponent_Factory
FNDA:241,AppComponent_Template
DA:3,13
DA:6,13
DA:9,13
DA:10,13
DA:14,13
DA:20,241
DA:21,13
DA:29,13
LF:8
LH:8
BRDA:10,0,0,13
BRDA:10,0,1,13
BRDA:20,1,0,13
BRDA:20,1,1,228
BRF:4
BRH:4
end_of_record
TN:
SF:src/app/app.config.ts
FNF:0
FNH:0
DA:4,13
LF:1
LH:1
BRF:0
BRH:0
end_of_record
TN:
SF:src/app/app.routes.ts
FNF:0
FNH:0
DA:5,13
LF:1
LH:1
BRF:0
BRH:0
end_of_record
TN:
SF:src/app/core/guards/auth.guard.ts
FN:3,(anonymous_0)
FNF:1
FNH:1
FNDA:6,(anonymous_0)
DA:3,13
DA:4,6
DA:5,6
DA:6,6
DA:7,0
DA:8,0
DA:10,6
LF:7
LH:5
BRDA:6,0,0,0
BRDA:6,0,1,6
BRF:2
BRH:1
end_of_record
TN:
SF:src/app/core/interceptors/auth.interceptor.ts
FN:3,(anonymous_0)
FN:5,(anonymous_1)
FN:8,(anonymous_2)
FN:21,AuthInterceptor_Factory
FNF:4
FNH:4
FNDA:13,(anonymous_0)
FNDA:10,(anonymous_1)
FNDA:17,(anonymous_2)
FNDA:10,AuthInterceptor_Factory
DA:3,13
DA:6,10
DA:9,17
DA:10,17
DA:11,11
DA:16,11
DA:18,6
DA:21,13
DA:22,10
DA:26,13
DA:32,13
LF:11
LH:11
BRDA:10,0,0,11
BRDA:10,0,1,6
BRDA:22,1,0,10
BRDA:22,1,1,10
BRF:4
BRH:4
end_of_record
TN:
SF:src/app/core/service/user.service.ts
FN:3,(anonymous_0)
FN:5,(anonymous_1)
FN:8,(anonymous_2)
FN:12,UserService_Factory
FNF:4
FNH:4
FNDA:13,(anonymous_0)
FNDA:4,(anonymous_1)
FNDA:2,(anonymous_2)
FNDA:4,UserService_Factory
DA:3,13
DA:6,4
DA:9,2
DA:12,13
DA:13,4
DA:17,13
DA:24,13
LF:7
LH:7
BRDA:13,0,0,4
BRDA:13,0,1,4
BRF:2
BRH:2
end_of_record
TN:
SF:src/app/pages/etudiant/etudiant.component.ts
FN:7,EtudiantComponent_tr_33_Template
FN:20,EtudiantComponent_tr_33_Template_button_click_8_listener
FN:28,EtudiantComponent_tr_33_Template_button_click_10_listener
FN:46,(anonymous_3)
FN:48,(anonymous_4)
FN:58,(anonymous_5)
FN:61,(anonymous_6)
FN:62,(anonymous_7)
FN:66,(anonymous_8)
FN:68,(anonymous_9)
FN:73,(anonymous_10)
FN:79,(anonymous_11)
FN:85,(anonymous_12)
FN:86,(anonymous_13)
FN:87,(anonymous_14)
FN:90,(anonymous_15)
FN:99,EtudiantComponent_Factory
FN:110,EtudiantComponent_Template
FN:116,EtudiantComponent_Template_form_ngSubmit_2_listener
FN:126,EtudiantComponent_Template_input_ngModelChange_7_listener
FN:135,EtudiantComponent_Template_input_ngModelChange_10_listener
FN:144,EtudiantComponent_Template_input_ngModelChange_13_listener
FN:153,EtudiantComponent_Template_button_click_16_listener
FNF:23
FNH:22
FNDA:45,EtudiantComponent_tr_33_Template
FNDA:1,EtudiantComponent_tr_33_Template_button_click_8_listener
FNDA:1,EtudiantComponent_tr_33_Template_button_click_10_listener
FNDA:13,(anonymous_3)
FNDA:6,(anonymous_4)
FNDA:6,(anonymous_5)
FNDA:8,(anonymous_6)
FNDA:6,(anonymous_7)
FNDA:2,(anonymous_8)
FNDA:1,(anonymous_9)
FNDA:1,(anonymous_10)
FNDA:1,(anonymous_11)
FNDA:1,(anonymous_12)
FNDA:1,(anonymous_13)
FNDA:1,(anonymous_14)
FNDA:2,(anonymous_15)
FNDA:6,EtudiantComponent_Factory
FNDA:56,EtudiantComponent_Template
FNDA:2,EtudiantComponent_Template_form_ngSubmit_2_listener
FNDA:9,EtudiantComponent_Template_input_ngModelChange_7_listener
FNDA:4,EtudiantComponent_Template_input_ngModelChange_10_listener
FNDA:5,EtudiantComponent_Template_input_ngModelChange_13_listener
FNDA:0,EtudiantComponent_Template_button_click_16_listener
DA:8,45
DA:9,8
DA:10,8
DA:11,8
DA:12,8
DA:13,8
DA:14,8
DA:15,8
DA:16,8
DA:17,8
DA:18,8
DA:19,8
DA:20,8
DA:21,1
DA:22,1
DA:23,1
DA:25,8
DA:26,8
DA:27,8
DA:28,8
DA:29,1
DA:30,1
DA:31,1
DA:33,8
DA:34,8
DA:36,45
DA:37,37
DA:38,37
DA:39,37
DA:40,37
DA:41,37
DA:42,37
DA:43,37
DA:46,13
DA:49,6
DA:50,6
DA:51,6
DA:56,6
DA:59,6
DA:62,8
DA:63,6
DA:67,2
DA:68,1
DA:69,1
DA:70,1
DA:73,1
DA:74,1
DA:75,1
DA:80,1
DA:83,1
DA:86,1
DA:87,1
DA:91,2
DA:96,2
DA:99,13
DA:100,6
DA:104,13
DA:111,56
DA:112,6
DA:113,6
DA:114,6
DA:115,6
DA:116,6
DA:117,2
DA:119,6
DA:120,6
DA:121,6
DA:122,6
DA:123,6
DA:124,6
DA:125,6
DA:126,6
DA:127,9
DA:128,9
DA:130,6
DA:131,6
DA:132,6
DA:133,6
DA:134,6
DA:135,6
DA:136,4
DA:137,4
DA:139,6
DA:140,6
DA:141,6
DA:142,6
DA:143,6
DA:144,6
DA:145,5
DA:146,5
DA:148,6
DA:149,6
DA:150,6
DA:151,6
DA:152,6
DA:153,6
DA:154,0
DA:156,6
DA:157,6
DA:158,6
DA:159,6
DA:160,6
DA:161,6
DA:162,6
DA:163,6
DA:164,6
DA:165,6
DA:166,6
DA:167,6
DA:168,6
DA:169,6
DA:170,6
DA:171,6
DA:172,6
DA:173,6
DA:174,6
DA:175,6
DA:176,6
DA:178,56
DA:179,50
DA:180,50
DA:181,50
DA:182,50
DA:183,50
DA:184,50
DA:185,50
DA:186,50
DA:187,50
DA:188,50
DA:189,50
DA:190,50
DA:198,13
LF:132
LH:131
BRDA:8,0,0,8
BRDA:8,0,1,37
BRDA:36,1,0,37
BRDA:36,1,1,8
BRDA:67,2,0,1
BRDA:67,2,1,1
BRDA:67,3,0,2
BRDA:67,3,1,1
BRDA:100,4,0,6
BRDA:100,4,1,6
BRDA:111,5,0,6
BRDA:111,5,1,50
BRDA:127,6,0,9
BRDA:127,6,1,9
BRDA:136,7,0,4
BRDA:136,7,1,4
BRDA:145,8,0,5
BRDA:145,8,1,5
BRDA:178,9,0,50
BRDA:178,9,1,6
BRDA:180,10,0,8
BRDA:180,10,1,42
BRDA:188,11,0,8
BRDA:188,11,1,42
BRF:24
BRH:24
end_of_record
TN:
SF:src/app/pages/login/login.component.ts
FN:8,LoginComponent_div_6_Template
FN:15,LoginComponent_div_10_Template
FN:22,LoginComponent_p_14_Template
FN:29,LoginComponent_p_15_Template
FN:41,LoginComponent_p_16_Template
FN:48,(anonymous_5)
FN:50,(anonymous_6)
FN:62,(anonymous_7)
FN:63,(anonymous_8)
FN:66,(anonymous_9)
FN:73,(anonymous_10)
FN:79,(anonymous_11)
FN:86,LoginComponent_Factory
FN:97,LoginComponent_Template
FN:103,LoginComponent_Template_form_ngSubmit_3_listener
FNF:15
FNH:12
FNDA:0,LoginComponent_div_6_Template
FNDA:0,LoginComponent_div_10_Template
FNDA:8,LoginComponent_p_14_Template
FNDA:4,LoginComponent_p_15_Template
FNDA:0,LoginComponent_p_16_Template
FNDA:13,(anonymous_5)
FNDA:7,(anonymous_6)
FNDA:7,(anonymous_7)
FNDA:238,(anonymous_8)
FNDA:4,(anonymous_9)
FNDA:2,(anonymous_10)
FNDA:2,(anonymous_11)
FNDA:7,LoginComponent_Factory
FNDA:102,LoginComponent_Template
FNDA:4,LoginComponent_Template_form_ngSubmit_3_listener
DA:9,0
DA:10,0
DA:11,0
DA:12,0
DA:16,0
DA:17,0
DA:18,0
DA:19,0
DA:23,8
DA:24,4
DA:25,4
DA:26,4
DA:30,4
DA:31,2
DA:32,2
DA:33,2
DA:35,4
DA:36,2
DA:37,2
DA:38,2
DA:42,0
DA:43,0
DA:44,0
DA:45,0
DA:48,13
DA:51,7
DA:52,7
DA:53,7
DA:54,7
DA:55,7
DA:56,7
DA:57,7
DA:64,238
DA:67,4
DA:68,4
DA:69,4
DA:70,4
DA:71,4
DA:72,4
DA:74,2
DA:75,2
DA:76,2
DA:77,2
DA:80,2
DA:81,2
DA:86,13
DA:87,7
DA:91,13
DA:98,102
DA:99,7
DA:100,7
DA:101,7
DA:102,7
DA:103,7
DA:104,4
DA:106,7
DA:107,7
DA:108,7
DA:109,7
DA:110,7
DA:111,7
DA:112,7
DA:113,7
DA:114,7
DA:115,7
DA:116,7
DA:117,7
DA:118,7
DA:119,7
DA:120,7
DA:122,102
DA:123,95
DA:124,95
DA:125,95
DA:126,95
DA:127,95
DA:128,95
DA:129,95
DA:130,95
DA:131,95
DA:132,95
DA:133,95
DA:134,95
DA:142,13
LF:84
LH:72
BRDA:9,0,0,0
BRDA:9,0,1,0
BRDA:16,1,0,0
BRDA:16,1,1,0
BRDA:23,2,0,4
BRDA:23,2,1,4
BRDA:30,3,0,2
BRDA:30,3,1,2
BRDA:35,4,0,2
BRDA:35,4,1,2
BRDA:42,5,0,0
BRDA:42,5,1,0
BRDA:67,6,0,0
BRDA:67,6,1,4
BRDA:87,7,0,7
BRDA:87,7,1,7
BRDA:98,8,0,7
BRDA:98,8,1,95
BRDA:122,9,0,95
BRDA:122,9,1,7
BRDA:126,10,0,95
BRDA:126,10,1,7
BRDA:128,11,0,95
BRDA:128,11,1,41
BRF:24
BRH:17
end_of_record
TN:
SF:src/app/pages/register/register.component.ts
FN:11,(anonymous_0)
FN:14,RegisterComponent_Conditional_10_Conditional_1_Template
FN:21,RegisterComponent_Conditional_10_Template
FN:33,RegisterComponent_Conditional_15_Conditional_1_Template
FN:40,RegisterComponent_Conditional_15_Template
FN:52,RegisterComponent_Conditional_20_Conditional_1_Template
FN:59,RegisterComponent_Conditional_20_Template
FN:71,RegisterComponent_Conditional_25_Conditional_1_Template
FN:78,RegisterComponent_Conditional_25_Template
FN:90,(anonymous_9)
FN:92,(anonymous_10)
FN:100,(anonymous_11)
FN:108,(anonymous_12)
FN:111,(anonymous_13)
FN:126,(anonymous_14)
FN:131,(anonymous_15)
FN:136,RegisterComponent_Factory
FN:147,RegisterComponent_Template
FN:153,RegisterComponent_Template_form_ngSubmit_4_listener
FN:184,RegisterComponent_Template_button_click_29_listener
FNF:20
FNH:18
FNDA:32,(anonymous_0)
FNDA:4,RegisterComponent_Conditional_10_Conditional_1_Template
FNDA:4,RegisterComponent_Conditional_10_Template
FNDA:4,RegisterComponent_Conditional_15_Conditional_1_Template
FNDA:4,RegisterComponent_Conditional_15_Template
FNDA:4,RegisterComponent_Conditional_20_Conditional_1_Template
FNDA:4,RegisterComponent_Conditional_20_Template
FNDA:4,RegisterComponent_Conditional_25_Conditional_1_Template
FNDA:4,RegisterComponent_Conditional_25_Template
FNDA:13,(anonymous_9)
FNDA:4,(anonymous_10)
FNDA:4,(anonymous_11)
FNDA:48,(anonymous_12)
FNDA:4,(anonymous_13)
FNDA:2,(anonymous_14)
FNDA:0,(anonymous_15)
FNDA:4,RegisterComponent_Factory
FNDA:74,RegisterComponent_Template
FNDA:4,RegisterComponent_Template_form_ngSubmit_4_listener
FNDA:0,RegisterComponent_Template_button_click_29_listener
DA:11,32
DA:15,4
DA:16,2
DA:17,2
DA:18,2
DA:22,4
DA:23,2
DA:24,2
DA:25,2
DA:27,4
DA:28,2
DA:29,2
DA:30,2
DA:34,4
DA:35,2
DA:36,2
DA:37,2
DA:41,4
DA:42,2
DA:43,2
DA:44,2
DA:46,4
DA:47,2
DA:48,2
DA:49,2
DA:53,4
DA:54,2
DA:55,2
DA:56,2
DA:60,4
DA:61,2
DA:62,2
DA:63,2
DA:65,4
DA:66,2
DA:67,2
DA:68,2
DA:72,4
DA:73,2
DA:74,2
DA:75,2
DA:79,4
DA:80,2
DA:81,2
DA:82,2
DA:84,4
DA:85,2
DA:86,2
DA:87,2
DA:90,13
DA:93,4
DA:94,4
DA:95,4
DA:96,4
DA:97,4
DA:98,4
DA:101,4
DA:109,48
DA:112,4
DA:113,4
DA:114,4
DA:115,4
DA:116,2
DA:117,2
DA:119,2
DA:120,2
DA:126,2
DA:127,2
DA:128,2
DA:132,0
DA:133,0
DA:136,13
DA:137,4
DA:141,13
DA:148,74
DA:149,4
DA:150,4
DA:151,4
DA:152,4
DA:153,4
DA:154,4
DA:156,4
DA:157,4
DA:158,4
DA:159,4
DA:160,4
DA:161,4
DA:162,4
DA:163,4
DA:164,4
DA:165,4
DA:166,4
DA:167,4
DA:168,4
DA:169,4
DA:170,4
DA:171,4
DA:172,4
DA:173,4
DA:174,4
DA:175,4
DA:176,4
DA:177,4
DA:178,4
DA:179,4
DA:180,4
DA:181,4
DA:182,4
DA:183,4
DA:184,4
DA:185,0
DA:187,4
DA:188,4
DA:190,74
DA:191,70
DA:192,70
DA:193,70
DA:194,70
DA:195,70
DA:196,70
DA:197,70
DA:198,70
DA:199,70
DA:200,70
DA:201,70
DA:202,70
DA:203,70
DA:204,70
DA:205,70
DA:206,70
DA:207,70
DA:208,70
DA:216,13
LF:133
LH:130
BRDA:15,0,0,2
BRDA:15,0,1,2
BRDA:22,1,0,2
BRDA:22,1,1,2
BRDA:27,2,0,2
BRDA:27,2,1,2
BRDA:30,3,0,2
BRDA:30,3,1,0
BRDA:30,4,0,0
BRDA:30,4,1,2
BRDA:34,5,0,2
BRDA:34,5,1,2
BRDA:41,6,0,2
BRDA:41,6,1,2
BRDA:46,7,0,2
BRDA:46,7,1,2
BRDA:49,8,0,2
BRDA:49,8,1,0
BRDA:49,9,0,0
BRDA:49,9,1,2
BRDA:53,10,0,2
BRDA:53,10,1,2
BRDA:60,11,0,2
BRDA:60,11,1,2
BRDA:65,12,0,2
BRDA:65,12,1,2
BRDA:68,13,0,2
BRDA:68,13,1,0
BRDA:68,14,0,0
BRDA:68,14,1,2
BRDA:72,15,0,2
BRDA:72,15,1,2
BRDA:79,16,0,2
BRDA:79,16,1,2
BRDA:84,17,0,2
BRDA:84,17,1,2
BRDA:87,18,0,2
BRDA:87,18,1,0
BRDA:87,19,0,0
BRDA:87,19,1,2
BRDA:115,20,0,2
BRDA:115,20,1,2
BRDA:137,21,0,4
BRDA:137,21,1,4
BRDA:148,22,0,4
BRDA:148,22,1,70
BRDA:190,23,0,70
BRDA:190,23,1,4
BRDA:194,24,0,70
BRDA:194,24,1,4
BRDA:196,25,0,2
BRDA:196,25,1,68
BRDA:196,26,0,70
BRDA:196,26,1,4
BRDA:198,27,0,70
BRDA:198,27,1,4
BRDA:200,28,0,2
BRDA:200,28,1,68
BRDA:200,29,0,70
BRDA:200,29,1,4
BRDA:202,30,0,70
BRDA:202,30,1,4
BRDA:204,31,0,2
BRDA:204,31,1,68
BRDA:204,32,0,70
BRDA:204,32,1,4
BRDA:206,33,0,70
BRDA:206,33,1,4
BRDA:208,34,0,2
BRDA:208,34,1,68
BRDA:208,35,0,70
BRDA:208,35,1,4
BRF:72
BRH:64
end_of_record
TN:
SF:src/app/services/auth.service.ts
FN:5,(anonymous_0)
FN:7,(anonymous_1)
FN:11,(anonymous_2)
FN:17,(anonymous_3)
FN:20,(anonymous_4)
FN:21,(anonymous_5)
FN:24,(anonymous_6)
FN:27,(anonymous_7)
FN:30,(anonymous_8)
FN:34,AuthService_Factory
FNF:10
FNH:8
FNDA:13,(anonymous_0)
FNDA:11,(anonymous_1)
FNDA:4,(anonymous_2)
FNDA:2,(anonymous_3)
FNDA:2,(anonymous_4)
FNDA:2,(anonymous_5)
FNDA:0,(anonymous_6)
FNDA:17,(anonymous_7)
FNDA:0,(anonymous_8)
FNDA:11,AuthService_Factory
DA:5,13
DA:8,11
DA:9,11
DA:12,4
DA:18,2
DA:19,2
DA:21,2
DA:25,0
DA:28,17
DA:31,0
DA:34,13
DA:35,11
DA:39,13
DA:46,13
LF:14
LH:12
BRDA:18,0,0,0
BRDA:18,0,1,2
BRDA:21,1,0,2
BRDA:21,1,1,0
BRDA:35,2,0,11
BRDA:35,2,1,11
BRF:6
BRH:4
end_of_record
TN:
SF:src/app/services/etudiant.service.ts
FN:3,(anonymous_0)
FN:5,(anonymous_1)
FN:9,(anonymous_2)
FN:12,(anonymous_3)
FN:15,(anonymous_4)
FN:18,(anonymous_5)
FN:21,(anonymous_6)
FN:25,EtudiantService_Factory
FNF:8
FNH:7
FNDA:13,(anonymous_0)
FNDA:6,(anonymous_1)
FNDA:8,(anonymous_2)
FNDA:0,(anonymous_3)
FNDA:1,(anonymous_4)
FNDA:1,(anonymous_5)
FNDA:1,(anonymous_6)
FNDA:6,EtudiantService_Factory
DA:3,13
DA:6,6
DA:7,6
DA:10,8
DA:13,0
DA:16,1
DA:19,1
DA:22,1
DA:25,13
DA:26,6
DA:30,13
DA:37,13
LF:12
LH:11
BRDA:26,0,0,6
BRDA:26,0,1,6
BRF:2
BRH:2
end_of_record
TN:
SF:src/app/shared/material.module.ts
FN:31,(anonymous_0)
FN:34,MaterialModule_Factory
FNF:2
FNH:2
FNDA:13,(anonymous_0)
FNDA:4,MaterialModule_Factory
DA:30,13
DA:31,13
DA:34,13
DA:35,4
DA:39,13
DA:44,13
DA:49,13
LF:7
LH:7
BRDA:35,0,0,4
BRDA:35,0,1,4
BRF:2
BRH:2
end_of_record
